21:26:12.935 [NHibernate.Cfg.Configuration] ERROR filter-def for filter named 'MustHaveTenant' was never used to filter classes nor collections.
This may result in unexpected behavior during queries
21:26:17.250 [Shesha.NHibernate.SheshaNHibernateModule] WARN  Try to initialize database...
21:26:17.258 [Shesha.NHibernate.SheshaNHibernateModule+<>c__DisplayClass22_0] WARN  Database initialization started
21:26:17.276 [Shesha.NHibernate.SheshaNHibernateModule+<>c__DisplayClass22_0] WARN  Apply migrations...
21:26:38.632 [Shesha.NHibernate.SheshaNHibernateModule+<>c__DisplayClass22_0] WARN  Apply migrations - finished
21:26:39.580 [Shesha.NHibernate.SheshaNHibernateModule+<>c__DisplayClass22_1+<<SeedDatabase>b__3>d] WARN  Run bootstrapper: SouthAfricaLanguagesCreator...
21:26:40.263 [Shesha.NHibernate.SheshaNHibernateModule+<>c__DisplayClass22_1+<<SeedDatabase>b__3>d] WARN  Run bootstrapper: SouthAfricaLanguagesCreator - finished
21:26:40.280 [Shesha.NHibernate.SheshaNHibernateModule+<>c__DisplayClass22_1+<<SeedDatabase>b__3>d] WARN  Run bootstrapper: PermissionDefinitionsBootstrapper...
21:26:40.305 [Shesha.NHibernate.SheshaNHibernateModule+<>c__DisplayClass22_1+<<SeedDatabase>b__3>d] WARN  Run bootstrapper: PermissionDefinitionsBootstrapper - finished
21:26:40.318 [Shesha.NHibernate.SheshaNHibernateModule+<>c__DisplayClass22_1+<<SeedDatabase>b__3>d] WARN  Run bootstrapper: PermissionedObjectsBootstrapper...
21:26:40.323 [Shesha.NHibernate.SheshaNHibernateModule+<>c__DisplayClass22_1+<<SeedDatabase>b__3>d] WARN  Run bootstrapper: PermissionedObjectsBootstrapper - finished
21:26:40.327 [Shesha.NHibernate.SheshaNHibernateModule+<>c__DisplayClass22_1+<<SeedDatabase>b__3>d] WARN  Run bootstrapper: EntityConfigsBootstrapper...
21:26:40.762 [Shesha.NHibernate.SheshaNHibernateModule+<>c__DisplayClass22_1+<<SeedDatabase>b__3>d] WARN  Run bootstrapper: EntityConfigsBootstrapper - finished
21:26:40.766 [Shesha.NHibernate.SheshaNHibernateModule+<>c__DisplayClass22_1+<<SeedDatabase>b__3>d] WARN  Run bootstrapper: ConfigurableModuleBootstrapper...
21:26:40.769 [Shesha.NHibernate.SheshaNHibernateModule+<>c__DisplayClass22_1+<<SeedDatabase>b__3>d] WARN  Run bootstrapper: ConfigurableModuleBootstrapper - finished
21:26:40.773 [Shesha.NHibernate.SheshaNHibernateModule+<>c__DisplayClass22_1+<<SeedDatabase>b__3>d] WARN  Run bootstrapper: ReferenceListBootstrapper...
21:26:43.379 [Shesha.NHibernate.SheshaNHibernateModule+<>c__DisplayClass22_1+<<SeedDatabase>b__3>d] WARN  Run bootstrapper: ReferenceListBootstrapper - finished
21:26:43.382 [Shesha.NHibernate.SheshaNHibernateModule+<>c__DisplayClass22_1+<<SeedDatabase>b__3>d] WARN  Run bootstrapper: ScheduledJobBootstrapper...
21:26:43.491 [Shesha.NHibernate.SheshaNHibernateModule+<>c__DisplayClass22_1+<<SeedDatabase>b__3>d] WARN  Run bootstrapper: ScheduledJobBootstrapper - finished
21:26:43.501 [Shesha.NHibernate.SheshaNHibernateModule+<>c__DisplayClass22_1+<<SeedDatabase>b__3>d] WARN  Run bootstrapper: WorkflowDefinitionBpmnBootstrapper...
21:26:43.533 [Shesha.NHibernate.SheshaNHibernateModule+<>c__DisplayClass22_1+<<SeedDatabase>b__3>d] WARN  Run bootstrapper: WorkflowDefinitionBpmnBootstrapper - finished
21:26:43.544 [Shesha.NHibernate.SheshaNHibernateModule+<>c__DisplayClass22_1+<<SeedDatabase>b__3>d] WARN  Run bootstrapper: ProcessConfigurationBootstrapper...
21:26:43.574 [Shesha.NHibernate.SheshaNHibernateModule+<>c__DisplayClass22_1+<<SeedDatabase>b__3>d] WARN  Run bootstrapper: ProcessConfigurationBootstrapper - finished
21:26:43.577 [Shesha.NHibernate.SheshaNHibernateModule] WARN  Database initialization finished
21:36:14.785 [NHibernate.Cfg.Configuration] ERROR filter-def for filter named 'MustHaveTenant' was never used to filter classes nor collections.
This may result in unexpected behavior during queries
21:36:17.544 [Shesha.NHibernate.SheshaNHibernateModule] WARN  Try to initialize database...
21:36:17.549 [Shesha.NHibernate.SheshaNHibernateModule+<>c__DisplayClass22_0] WARN  Database initialization started
21:36:17.564 [Shesha.NHibernate.SheshaNHibernateModule+<>c__DisplayClass22_0] WARN  Apply migrations...
21:36:17.782 [Shesha.NHibernate.SheshaNHibernateModule+<>c__DisplayClass22_0] WARN  Apply migrations - finished
21:36:17.811 [Shesha.NHibernate.SheshaNHibernateModule+<>c__DisplayClass22_1+<<SeedDatabase>b__3>d] WARN  Run bootstrapper: SouthAfricaLanguagesCreator...
21:36:18.708 [Shesha.NHibernate.SheshaNHibernateModule+<>c__DisplayClass22_1+<<SeedDatabase>b__3>d] WARN  Run bootstrapper: SouthAfricaLanguagesCreator - finished
21:36:18.728 [Shesha.NHibernate.SheshaNHibernateModule+<>c__DisplayClass22_1+<<SeedDatabase>b__3>d] WARN  Run bootstrapper: PermissionDefinitionsBootstrapper...
21:36:18.770 [Shesha.NHibernate.SheshaNHibernateModule+<>c__DisplayClass22_1+<<SeedDatabase>b__3>d] WARN  Run bootstrapper: PermissionDefinitionsBootstrapper - finished
21:36:18.781 [Shesha.NHibernate.SheshaNHibernateModule+<>c__DisplayClass22_1+<<SeedDatabase>b__3>d] WARN  Run bootstrapper: PermissionedObjectsBootstrapper...
21:36:18.785 [Shesha.NHibernate.SheshaNHibernateModule+<>c__DisplayClass22_1+<<SeedDatabase>b__3>d] WARN  Run bootstrapper: PermissionedObjectsBootstrapper - finished
21:36:18.789 [Shesha.NHibernate.SheshaNHibernateModule+<>c__DisplayClass22_1+<<SeedDatabase>b__3>d] WARN  Run bootstrapper: EntityConfigsBootstrapper...
21:36:19.254 [Shesha.NHibernate.SheshaNHibernateModule+<>c__DisplayClass22_1+<<SeedDatabase>b__3>d] WARN  Run bootstrapper: EntityConfigsBootstrapper - finished
21:36:19.257 [Shesha.NHibernate.SheshaNHibernateModule+<>c__DisplayClass22_1+<<SeedDatabase>b__3>d] WARN  Run bootstrapper: ConfigurableModuleBootstrapper...
21:36:19.259 [Shesha.NHibernate.SheshaNHibernateModule+<>c__DisplayClass22_1+<<SeedDatabase>b__3>d] WARN  Run bootstrapper: ConfigurableModuleBootstrapper - finished
21:36:19.262 [Shesha.NHibernate.SheshaNHibernateModule+<>c__DisplayClass22_1+<<SeedDatabase>b__3>d] WARN  Run bootstrapper: ReferenceListBootstrapper...
21:36:21.866 [Shesha.NHibernate.SheshaNHibernateModule+<>c__DisplayClass22_1+<<SeedDatabase>b__3>d] WARN  Run bootstrapper: ReferenceListBootstrapper - finished
21:36:21.869 [Shesha.NHibernate.SheshaNHibernateModule+<>c__DisplayClass22_1+<<SeedDatabase>b__3>d] WARN  Run bootstrapper: ScheduledJobBootstrapper...
21:36:21.968 [Shesha.NHibernate.SheshaNHibernateModule+<>c__DisplayClass22_1+<<SeedDatabase>b__3>d] WARN  Run bootstrapper: ScheduledJobBootstrapper - finished
21:36:21.976 [Shesha.NHibernate.SheshaNHibernateModule+<>c__DisplayClass22_1+<<SeedDatabase>b__3>d] WARN  Run bootstrapper: WorkflowDefinitionBpmnBootstrapper...
21:36:22.006 [Shesha.NHibernate.SheshaNHibernateModule+<>c__DisplayClass22_1+<<SeedDatabase>b__3>d] WARN  Run bootstrapper: WorkflowDefinitionBpmnBootstrapper - finished
21:36:22.017 [Shesha.NHibernate.SheshaNHibernateModule+<>c__DisplayClass22_1+<<SeedDatabase>b__3>d] WARN  Run bootstrapper: ProcessConfigurationBootstrapper...
21:36:22.045 [Shesha.NHibernate.SheshaNHibernateModule+<>c__DisplayClass22_1+<<SeedDatabase>b__3>d] WARN  Run bootstrapper: ProcessConfigurationBootstrapper - finished
21:36:22.049 [Shesha.NHibernate.SheshaNHibernateModule] WARN  Database initialization finished
21:46:09.932 [NHibernate.Cfg.Configuration] ERROR filter-def for filter named 'MustHaveTenant' was never used to filter classes nor collections.
This may result in unexpected behavior during queries
21:46:11.620 [Shesha.NHibernate.SheshaNHibernateModule] WARN  Try to initialize database...
21:46:11.626 [Shesha.NHibernate.SheshaNHibernateModule+<>c__DisplayClass22_0] WARN  Database initialization started
21:46:11.639 [Shesha.NHibernate.SheshaNHibernateModule+<>c__DisplayClass22_0] WARN  Apply migrations...
21:46:11.868 [Shesha.NHibernate.SheshaNHibernateModule+<>c__DisplayClass22_0] WARN  Apply migrations - finished
21:46:11.896 [Shesha.NHibernate.SheshaNHibernateModule+<>c__DisplayClass22_1+<<SeedDatabase>b__3>d] WARN  Run bootstrapper: SouthAfricaLanguagesCreator...
21:46:12.784 [Shesha.NHibernate.SheshaNHibernateModule+<>c__DisplayClass22_1+<<SeedDatabase>b__3>d] WARN  Run bootstrapper: SouthAfricaLanguagesCreator - finished
21:46:12.800 [Shesha.NHibernate.SheshaNHibernateModule+<>c__DisplayClass22_1+<<SeedDatabase>b__3>d] WARN  Run bootstrapper: PermissionDefinitionsBootstrapper...
21:46:12.914 [Shesha.NHibernate.SheshaNHibernateModule+<>c__DisplayClass22_1+<<SeedDatabase>b__3>d] WARN  Run bootstrapper: PermissionDefinitionsBootstrapper - finished
21:46:12.928 [Shesha.NHibernate.SheshaNHibernateModule+<>c__DisplayClass22_1+<<SeedDatabase>b__3>d] WARN  Run bootstrapper: PermissionedObjectsBootstrapper...
21:46:12.933 [Shesha.NHibernate.SheshaNHibernateModule+<>c__DisplayClass22_1+<<SeedDatabase>b__3>d] WARN  Run bootstrapper: PermissionedObjectsBootstrapper - finished
21:46:12.938 [Shesha.NHibernate.SheshaNHibernateModule+<>c__DisplayClass22_1+<<SeedDatabase>b__3>d] WARN  Run bootstrapper: EntityConfigsBootstrapper...
21:46:13.351 [Shesha.NHibernate.SheshaNHibernateModule+<>c__DisplayClass22_1+<<SeedDatabase>b__3>d] WARN  Run bootstrapper: EntityConfigsBootstrapper - finished
21:46:13.355 [Shesha.NHibernate.SheshaNHibernateModule+<>c__DisplayClass22_1+<<SeedDatabase>b__3>d] WARN  Run bootstrapper: ConfigurableModuleBootstrapper...
21:46:13.357 [Shesha.NHibernate.SheshaNHibernateModule+<>c__DisplayClass22_1+<<SeedDatabase>b__3>d] WARN  Run bootstrapper: ConfigurableModuleBootstrapper - finished
21:46:13.359 [Shesha.NHibernate.SheshaNHibernateModule+<>c__DisplayClass22_1+<<SeedDatabase>b__3>d] WARN  Run bootstrapper: ReferenceListBootstrapper...
21:46:15.903 [Shesha.NHibernate.SheshaNHibernateModule+<>c__DisplayClass22_1+<<SeedDatabase>b__3>d] WARN  Run bootstrapper: ReferenceListBootstrapper - finished
21:46:15.908 [Shesha.NHibernate.SheshaNHibernateModule+<>c__DisplayClass22_1+<<SeedDatabase>b__3>d] WARN  Run bootstrapper: ScheduledJobBootstrapper...
21:46:16.022 [Shesha.NHibernate.SheshaNHibernateModule+<>c__DisplayClass22_1+<<SeedDatabase>b__3>d] WARN  Run bootstrapper: ScheduledJobBootstrapper - finished
21:46:16.031 [Shesha.NHibernate.SheshaNHibernateModule+<>c__DisplayClass22_1+<<SeedDatabase>b__3>d] WARN  Run bootstrapper: WorkflowDefinitionBpmnBootstrapper...
21:46:16.094 [Shesha.NHibernate.SheshaNHibernateModule+<>c__DisplayClass22_1+<<SeedDatabase>b__3>d] WARN  Run bootstrapper: WorkflowDefinitionBpmnBootstrapper - finished
21:46:16.106 [Shesha.NHibernate.SheshaNHibernateModule+<>c__DisplayClass22_1+<<SeedDatabase>b__3>d] WARN  Run bootstrapper: ProcessConfigurationBootstrapper...
21:46:16.130 [Shesha.NHibernate.SheshaNHibernateModule+<>c__DisplayClass22_1+<<SeedDatabase>b__3>d] WARN  Run bootstrapper: ProcessConfigurationBootstrapper - finished
21:46:16.132 [Shesha.NHibernate.SheshaNHibernateModule] WARN  Database initialization finished
22:16:10.532 [NHibernate.Cfg.Configuration] ERROR filter-def for filter named 'MustHaveTenant' was never used to filter classes nor collections.
This may result in unexpected behavior during queries
22:16:14.971 [Shesha.NHibernate.SheshaNHibernateModule] WARN  Try to initialize database...
22:16:14.977 [Shesha.NHibernate.SheshaNHibernateModule+<>c__DisplayClass22_0] WARN  Database initialization started
22:16:14.998 [Shesha.NHibernate.SheshaNHibernateModule+<>c__DisplayClass22_0] WARN  Apply migrations...
22:16:36.301 [Shesha.NHibernate.SheshaNHibernateModule+<>c__DisplayClass22_0] WARN  Apply migrations - finished
22:16:37.270 [Shesha.NHibernate.SheshaNHibernateModule+<>c__DisplayClass22_1+<<SeedDatabase>b__3>d] WARN  Run bootstrapper: SouthAfricaLanguagesCreator...
22:16:37.948 [Shesha.NHibernate.SheshaNHibernateModule+<>c__DisplayClass22_1+<<SeedDatabase>b__3>d] WARN  Run bootstrapper: SouthAfricaLanguagesCreator - finished
22:16:37.966 [Shesha.NHibernate.SheshaNHibernateModule+<>c__DisplayClass22_1+<<SeedDatabase>b__3>d] WARN  Run bootstrapper: PermissionDefinitionsBootstrapper...
22:16:37.993 [Shesha.NHibernate.SheshaNHibernateModule+<>c__DisplayClass22_1+<<SeedDatabase>b__3>d] WARN  Run bootstrapper: PermissionDefinitionsBootstrapper - finished
22:16:38.003 [Shesha.NHibernate.SheshaNHibernateModule+<>c__DisplayClass22_1+<<SeedDatabase>b__3>d] WARN  Run bootstrapper: PermissionedObjectsBootstrapper...
22:16:38.007 [Shesha.NHibernate.SheshaNHibernateModule+<>c__DisplayClass22_1+<<SeedDatabase>b__3>d] WARN  Run bootstrapper: PermissionedObjectsBootstrapper - finished
22:16:38.010 [Shesha.NHibernate.SheshaNHibernateModule+<>c__DisplayClass22_1+<<SeedDatabase>b__3>d] WARN  Run bootstrapper: EntityConfigsBootstrapper...
22:16:38.402 [Shesha.NHibernate.SheshaNHibernateModule+<>c__DisplayClass22_1+<<SeedDatabase>b__3>d] WARN  Run bootstrapper: EntityConfigsBootstrapper - finished
22:16:38.406 [Shesha.NHibernate.SheshaNHibernateModule+<>c__DisplayClass22_1+<<SeedDatabase>b__3>d] WARN  Run bootstrapper: ConfigurableModuleBootstrapper...
22:16:38.408 [Shesha.NHibernate.SheshaNHibernateModule+<>c__DisplayClass22_1+<<SeedDatabase>b__3>d] WARN  Run bootstrapper: ConfigurableModuleBootstrapper - finished
22:16:38.411 [Shesha.NHibernate.SheshaNHibernateModule+<>c__DisplayClass22_1+<<SeedDatabase>b__3>d] WARN  Run bootstrapper: ReferenceListBootstrapper...
22:16:41.041 [Shesha.NHibernate.SheshaNHibernateModule+<>c__DisplayClass22_1+<<SeedDatabase>b__3>d] WARN  Run bootstrapper: ReferenceListBootstrapper - finished
22:16:41.044 [Shesha.NHibernate.SheshaNHibernateModule+<>c__DisplayClass22_1+<<SeedDatabase>b__3>d] WARN  Run bootstrapper: ScheduledJobBootstrapper...
22:16:41.142 [Shesha.NHibernate.SheshaNHibernateModule+<>c__DisplayClass22_1+<<SeedDatabase>b__3>d] WARN  Run bootstrapper: ScheduledJobBootstrapper - finished
22:16:41.153 [Shesha.NHibernate.SheshaNHibernateModule+<>c__DisplayClass22_1+<<SeedDatabase>b__3>d] WARN  Run bootstrapper: WorkflowDefinitionBpmnBootstrapper...
22:16:41.186 [Shesha.NHibernate.SheshaNHibernateModule+<>c__DisplayClass22_1+<<SeedDatabase>b__3>d] WARN  Run bootstrapper: WorkflowDefinitionBpmnBootstrapper - finished
22:16:41.198 [Shesha.NHibernate.SheshaNHibernateModule+<>c__DisplayClass22_1+<<SeedDatabase>b__3>d] WARN  Run bootstrapper: ProcessConfigurationBootstrapper...
22:16:41.224 [Shesha.NHibernate.SheshaNHibernateModule+<>c__DisplayClass22_1+<<SeedDatabase>b__3>d] WARN  Run bootstrapper: ProcessConfigurationBootstrapper - finished
22:16:41.227 [Shesha.NHibernate.SheshaNHibernateModule] WARN  Database initialization finished
22:26:49.802 [NHibernate.Cfg.Configuration] ERROR filter-def for filter named 'MustHaveTenant' was never used to filter classes nor collections.
This may result in unexpected behavior during queries
22:26:51.575 [Shesha.NHibernate.SheshaNHibernateModule] WARN  Try to initialize database...
22:26:51.580 [Shesha.NHibernate.SheshaNHibernateModule+<>c__DisplayClass22_0] WARN  Database initialization started
22:26:51.597 [Shesha.NHibernate.SheshaNHibernateModule+<>c__DisplayClass22_0] WARN  Apply migrations...
22:26:51.823 [Shesha.NHibernate.SheshaNHibernateModule+<>c__DisplayClass22_0] WARN  Apply migrations - finished
22:26:51.856 [Shesha.NHibernate.SheshaNHibernateModule+<>c__DisplayClass22_1+<<SeedDatabase>b__3>d] WARN  Run bootstrapper: SouthAfricaLanguagesCreator...
22:26:52.763 [Shesha.NHibernate.SheshaNHibernateModule+<>c__DisplayClass22_1+<<SeedDatabase>b__3>d] WARN  Run bootstrapper: SouthAfricaLanguagesCreator - finished
22:26:52.777 [Shesha.NHibernate.SheshaNHibernateModule+<>c__DisplayClass22_1+<<SeedDatabase>b__3>d] WARN  Run bootstrapper: PermissionDefinitionsBootstrapper...
22:26:52.823 [Shesha.NHibernate.SheshaNHibernateModule+<>c__DisplayClass22_1+<<SeedDatabase>b__3>d] WARN  Run bootstrapper: PermissionDefinitionsBootstrapper - finished
22:26:52.834 [Shesha.NHibernate.SheshaNHibernateModule+<>c__DisplayClass22_1+<<SeedDatabase>b__3>d] WARN  Run bootstrapper: PermissionedObjectsBootstrapper...
22:26:52.837 [Shesha.NHibernate.SheshaNHibernateModule+<>c__DisplayClass22_1+<<SeedDatabase>b__3>d] WARN  Run bootstrapper: PermissionedObjectsBootstrapper - finished
22:26:52.840 [Shesha.NHibernate.SheshaNHibernateModule+<>c__DisplayClass22_1+<<SeedDatabase>b__3>d] WARN  Run bootstrapper: EntityConfigsBootstrapper...
22:26:53.241 [Shesha.NHibernate.SheshaNHibernateModule+<>c__DisplayClass22_1+<<SeedDatabase>b__3>d] WARN  Run bootstrapper: EntityConfigsBootstrapper - finished
22:26:53.244 [Shesha.NHibernate.SheshaNHibernateModule+<>c__DisplayClass22_1+<<SeedDatabase>b__3>d] WARN  Run bootstrapper: ConfigurableModuleBootstrapper...
22:26:53.246 [Shesha.NHibernate.SheshaNHibernateModule+<>c__DisplayClass22_1+<<SeedDatabase>b__3>d] WARN  Run bootstrapper: ConfigurableModuleBootstrapper - finished
22:26:53.248 [Shesha.NHibernate.SheshaNHibernateModule+<>c__DisplayClass22_1+<<SeedDatabase>b__3>d] WARN  Run bootstrapper: ReferenceListBootstrapper...
22:26:55.973 [Shesha.NHibernate.SheshaNHibernateModule+<>c__DisplayClass22_1+<<SeedDatabase>b__3>d] WARN  Run bootstrapper: ReferenceListBootstrapper - finished
22:26:55.977 [Shesha.NHibernate.SheshaNHibernateModule+<>c__DisplayClass22_1+<<SeedDatabase>b__3>d] WARN  Run bootstrapper: ScheduledJobBootstrapper...
22:26:56.086 [Shesha.NHibernate.SheshaNHibernateModule+<>c__DisplayClass22_1+<<SeedDatabase>b__3>d] WARN  Run bootstrapper: ScheduledJobBootstrapper - finished
22:26:56.096 [Shesha.NHibernate.SheshaNHibernateModule+<>c__DisplayClass22_1+<<SeedDatabase>b__3>d] WARN  Run bootstrapper: WorkflowDefinitionBpmnBootstrapper...
22:26:56.128 [Shesha.NHibernate.SheshaNHibernateModule+<>c__DisplayClass22_1+<<SeedDatabase>b__3>d] WARN  Run bootstrapper: WorkflowDefinitionBpmnBootstrapper - finished
22:26:56.140 [Shesha.NHibernate.SheshaNHibernateModule+<>c__DisplayClass22_1+<<SeedDatabase>b__3>d] WARN  Run bootstrapper: ProcessConfigurationBootstrapper...
22:26:56.166 [Shesha.NHibernate.SheshaNHibernateModule+<>c__DisplayClass22_1+<<SeedDatabase>b__3>d] WARN  Run bootstrapper: ProcessConfigurationBootstrapper - finished
22:26:56.168 [Shesha.NHibernate.SheshaNHibernateModule] WARN  Database initialization finished
22:41:19.246 [NHibernate.Cfg.Configuration] ERROR filter-def for filter named 'MustHaveTenant' was never used to filter classes nor collections.
This may result in unexpected behavior during queries
22:41:21.287 [Shesha.NHibernate.SheshaNHibernateModule] WARN  Try to initialize database...
22:41:21.293 [Shesha.NHibernate.SheshaNHibernateModule+<>c__DisplayClass22_0] WARN  Database initialization started
22:41:21.310 [Shesha.NHibernate.SheshaNHibernateModule+<>c__DisplayClass22_0] WARN  Apply migrations...
22:41:21.567 [Shesha.NHibernate.SheshaNHibernateModule+<>c__DisplayClass22_0] WARN  Apply migrations - finished
22:41:21.598 [Shesha.NHibernate.SheshaNHibernateModule+<>c__DisplayClass22_1+<<SeedDatabase>b__3>d] WARN  Run bootstrapper: SouthAfricaLanguagesCreator...
22:41:22.566 [Shesha.NHibernate.SheshaNHibernateModule+<>c__DisplayClass22_1+<<SeedDatabase>b__3>d] WARN  Run bootstrapper: SouthAfricaLanguagesCreator - finished
22:41:22.579 [Shesha.NHibernate.SheshaNHibernateModule+<>c__DisplayClass22_1+<<SeedDatabase>b__3>d] WARN  Run bootstrapper: PermissionDefinitionsBootstrapper...
22:41:22.624 [Shesha.NHibernate.SheshaNHibernateModule+<>c__DisplayClass22_1+<<SeedDatabase>b__3>d] WARN  Run bootstrapper: PermissionDefinitionsBootstrapper - finished
22:41:22.637 [Shesha.NHibernate.SheshaNHibernateModule+<>c__DisplayClass22_1+<<SeedDatabase>b__3>d] WARN  Run bootstrapper: PermissionedObjectsBootstrapper...
22:41:22.642 [Shesha.NHibernate.SheshaNHibernateModule+<>c__DisplayClass22_1+<<SeedDatabase>b__3>d] WARN  Run bootstrapper: PermissionedObjectsBootstrapper - finished
22:41:22.646 [Shesha.NHibernate.SheshaNHibernateModule+<>c__DisplayClass22_1+<<SeedDatabase>b__3>d] WARN  Run bootstrapper: EntityConfigsBootstrapper...
22:41:23.092 [Shesha.NHibernate.SheshaNHibernateModule+<>c__DisplayClass22_1+<<SeedDatabase>b__3>d] WARN  Run bootstrapper: EntityConfigsBootstrapper - finished
22:41:23.095 [Shesha.NHibernate.SheshaNHibernateModule+<>c__DisplayClass22_1+<<SeedDatabase>b__3>d] WARN  Run bootstrapper: ConfigurableModuleBootstrapper...
22:41:23.097 [Shesha.NHibernate.SheshaNHibernateModule+<>c__DisplayClass22_1+<<SeedDatabase>b__3>d] WARN  Run bootstrapper: ConfigurableModuleBootstrapper - finished
22:41:23.099 [Shesha.NHibernate.SheshaNHibernateModule+<>c__DisplayClass22_1+<<SeedDatabase>b__3>d] WARN  Run bootstrapper: ReferenceListBootstrapper...
22:41:25.942 [Shesha.NHibernate.SheshaNHibernateModule+<>c__DisplayClass22_1+<<SeedDatabase>b__3>d] WARN  Run bootstrapper: ReferenceListBootstrapper - finished
22:41:25.948 [Shesha.NHibernate.SheshaNHibernateModule+<>c__DisplayClass22_1+<<SeedDatabase>b__3>d] WARN  Run bootstrapper: ScheduledJobBootstrapper...
22:41:26.064 [Shesha.NHibernate.SheshaNHibernateModule+<>c__DisplayClass22_1+<<SeedDatabase>b__3>d] WARN  Run bootstrapper: ScheduledJobBootstrapper - finished
22:41:26.072 [Shesha.NHibernate.SheshaNHibernateModule+<>c__DisplayClass22_1+<<SeedDatabase>b__3>d] WARN  Run bootstrapper: WorkflowDefinitionBpmnBootstrapper...
22:41:26.108 [Shesha.NHibernate.SheshaNHibernateModule+<>c__DisplayClass22_1+<<SeedDatabase>b__3>d] WARN  Run bootstrapper: WorkflowDefinitionBpmnBootstrapper - finished
22:41:26.118 [Shesha.NHibernate.SheshaNHibernateModule+<>c__DisplayClass22_1+<<SeedDatabase>b__3>d] WARN  Run bootstrapper: ProcessConfigurationBootstrapper...
22:41:26.146 [Shesha.NHibernate.SheshaNHibernateModule+<>c__DisplayClass22_1+<<SeedDatabase>b__3>d] WARN  Run bootstrapper: ProcessConfigurationBootstrapper - finished
22:41:26.148 [Shesha.NHibernate.SheshaNHibernateModule] WARN  Database initialization finished
22:46:46.846 [NHibernate.Cfg.Configuration] ERROR filter-def for filter named 'MustHaveTenant' was never used to filter classes nor collections.
This may result in unexpected behavior during queries
22:46:48.677 [Shesha.NHibernate.SheshaNHibernateModule] WARN  Try to initialize database...
22:46:48.683 [Shesha.NHibernate.SheshaNHibernateModule+<>c__DisplayClass22_0] WARN  Database initialization started
22:46:48.700 [Shesha.NHibernate.SheshaNHibernateModule+<>c__DisplayClass22_0] WARN  Apply migrations...
22:46:49.074 [Shesha.NHibernate.SheshaNHibernateModule+<>c__DisplayClass22_0] WARN  Apply migrations - finished
22:46:49.168 [Shesha.NHibernate.SheshaNHibernateModule+<>c__DisplayClass22_1+<<SeedDatabase>b__3>d] WARN  Run bootstrapper: SouthAfricaLanguagesCreator...
22:46:50.129 [Shesha.NHibernate.SheshaNHibernateModule+<>c__DisplayClass22_1+<<SeedDatabase>b__3>d] WARN  Run bootstrapper: SouthAfricaLanguagesCreator - finished
22:46:50.142 [Shesha.NHibernate.SheshaNHibernateModule+<>c__DisplayClass22_1+<<SeedDatabase>b__3>d] WARN  Run bootstrapper: PermissionDefinitionsBootstrapper...
22:46:50.182 [Shesha.NHibernate.SheshaNHibernateModule+<>c__DisplayClass22_1+<<SeedDatabase>b__3>d] WARN  Run bootstrapper: PermissionDefinitionsBootstrapper - finished
22:46:50.200 [Shesha.NHibernate.SheshaNHibernateModule+<>c__DisplayClass22_1+<<SeedDatabase>b__3>d] WARN  Run bootstrapper: PermissionedObjectsBootstrapper...
22:46:50.204 [Shesha.NHibernate.SheshaNHibernateModule+<>c__DisplayClass22_1+<<SeedDatabase>b__3>d] WARN  Run bootstrapper: PermissionedObjectsBootstrapper - finished
22:46:50.208 [Shesha.NHibernate.SheshaNHibernateModule+<>c__DisplayClass22_1+<<SeedDatabase>b__3>d] WARN  Run bootstrapper: EntityConfigsBootstrapper...
22:46:50.592 [Shesha.NHibernate.SheshaNHibernateModule+<>c__DisplayClass22_1+<<SeedDatabase>b__3>d] WARN  Run bootstrapper: EntityConfigsBootstrapper - finished
22:46:50.595 [Shesha.NHibernate.SheshaNHibernateModule+<>c__DisplayClass22_1+<<SeedDatabase>b__3>d] WARN  Run bootstrapper: ConfigurableModuleBootstrapper...
22:46:50.597 [Shesha.NHibernate.SheshaNHibernateModule+<>c__DisplayClass22_1+<<SeedDatabase>b__3>d] WARN  Run bootstrapper: ConfigurableModuleBootstrapper - finished
22:46:50.600 [Shesha.NHibernate.SheshaNHibernateModule+<>c__DisplayClass22_1+<<SeedDatabase>b__3>d] WARN  Run bootstrapper: ReferenceListBootstrapper...
22:46:53.193 [Shesha.NHibernate.SheshaNHibernateModule+<>c__DisplayClass22_1+<<SeedDatabase>b__3>d] WARN  Run bootstrapper: ReferenceListBootstrapper - finished
22:46:53.196 [Shesha.NHibernate.SheshaNHibernateModule+<>c__DisplayClass22_1+<<SeedDatabase>b__3>d] WARN  Run bootstrapper: ScheduledJobBootstrapper...
22:46:53.293 [Shesha.NHibernate.SheshaNHibernateModule+<>c__DisplayClass22_1+<<SeedDatabase>b__3>d] WARN  Run bootstrapper: ScheduledJobBootstrapper - finished
22:46:53.302 [Shesha.NHibernate.SheshaNHibernateModule+<>c__DisplayClass22_1+<<SeedDatabase>b__3>d] WARN  Run bootstrapper: WorkflowDefinitionBpmnBootstrapper...
22:46:53.330 [Shesha.NHibernate.SheshaNHibernateModule+<>c__DisplayClass22_1+<<SeedDatabase>b__3>d] WARN  Run bootstrapper: WorkflowDefinitionBpmnBootstrapper - finished
22:46:53.341 [Shesha.NHibernate.SheshaNHibernateModule+<>c__DisplayClass22_1+<<SeedDatabase>b__3>d] WARN  Run bootstrapper: ProcessConfigurationBootstrapper...
22:46:53.366 [Shesha.NHibernate.SheshaNHibernateModule+<>c__DisplayClass22_1+<<SeedDatabase>b__3>d] WARN  Run bootstrapper: ProcessConfigurationBootstrapper - finished
22:46:53.368 [Shesha.NHibernate.SheshaNHibernateModule] WARN  Database initialization finished
23:02:43.567 [NHibernate.Cfg.Configuration] ERROR filter-def for filter named 'MustHaveTenant' was never used to filter classes nor collections.
This may result in unexpected behavior during queries
23:02:47.842 [Shesha.NHibernate.SheshaNHibernateModule] WARN  Try to initialize database...
23:02:47.847 [Shesha.NHibernate.SheshaNHibernateModule+<>c__DisplayClass22_0] WARN  Database initialization started
23:02:47.865 [Shesha.NHibernate.SheshaNHibernateModule+<>c__DisplayClass22_0] WARN  Apply migrations...
23:03:08.931 [Shesha.NHibernate.SheshaNHibernateModule+<>c__DisplayClass22_0] WARN  Apply migrations - finished
23:03:08.972 [Shesha.NHibernate.SheshaNHibernateModule+<>c__DisplayClass22_1+<<SeedDatabase>b__3>d] WARN  Run bootstrapper: SouthAfricaLanguagesCreator...
23:03:10.531 [Shesha.NHibernate.SheshaNHibernateModule+<>c__DisplayClass22_1+<<SeedDatabase>b__3>d] WARN  Run bootstrapper: SouthAfricaLanguagesCreator - finished
23:03:10.548 [Shesha.NHibernate.SheshaNHibernateModule+<>c__DisplayClass22_1+<<SeedDatabase>b__3>d] WARN  Run bootstrapper: PermissionDefinitionsBootstrapper...
23:03:10.575 [Shesha.NHibernate.SheshaNHibernateModule+<>c__DisplayClass22_1+<<SeedDatabase>b__3>d] WARN  Run bootstrapper: PermissionDefinitionsBootstrapper - finished
23:03:10.586 [Shesha.NHibernate.SheshaNHibernateModule+<>c__DisplayClass22_1+<<SeedDatabase>b__3>d] WARN  Run bootstrapper: PermissionedObjectsBootstrapper...
23:03:10.590 [Shesha.NHibernate.SheshaNHibernateModule+<>c__DisplayClass22_1+<<SeedDatabase>b__3>d] WARN  Run bootstrapper: PermissionedObjectsBootstrapper - finished
23:03:10.593 [Shesha.NHibernate.SheshaNHibernateModule+<>c__DisplayClass22_1+<<SeedDatabase>b__3>d] WARN  Run bootstrapper: EntityConfigsBootstrapper...
23:03:11.006 [Shesha.NHibernate.SheshaNHibernateModule+<>c__DisplayClass22_1+<<SeedDatabase>b__3>d] WARN  Run bootstrapper: EntityConfigsBootstrapper - finished
23:03:11.009 [Shesha.NHibernate.SheshaNHibernateModule+<>c__DisplayClass22_1+<<SeedDatabase>b__3>d] WARN  Run bootstrapper: ConfigurableModuleBootstrapper...
23:03:11.011 [Shesha.NHibernate.SheshaNHibernateModule+<>c__DisplayClass22_1+<<SeedDatabase>b__3>d] WARN  Run bootstrapper: ConfigurableModuleBootstrapper - finished
23:03:11.013 [Shesha.NHibernate.SheshaNHibernateModule+<>c__DisplayClass22_1+<<SeedDatabase>b__3>d] WARN  Run bootstrapper: ReferenceListBootstrapper...
23:03:13.661 [Shesha.NHibernate.SheshaNHibernateModule+<>c__DisplayClass22_1+<<SeedDatabase>b__3>d] WARN  Run bootstrapper: ReferenceListBootstrapper - finished
23:03:13.664 [Shesha.NHibernate.SheshaNHibernateModule+<>c__DisplayClass22_1+<<SeedDatabase>b__3>d] WARN  Run bootstrapper: ScheduledJobBootstrapper...
23:03:13.762 [Shesha.NHibernate.SheshaNHibernateModule+<>c__DisplayClass22_1+<<SeedDatabase>b__3>d] WARN  Run bootstrapper: ScheduledJobBootstrapper - finished
23:03:13.770 [Shesha.NHibernate.SheshaNHibernateModule+<>c__DisplayClass22_1+<<SeedDatabase>b__3>d] WARN  Run bootstrapper: WorkflowDefinitionBpmnBootstrapper...
23:03:13.805 [Shesha.NHibernate.SheshaNHibernateModule+<>c__DisplayClass22_1+<<SeedDatabase>b__3>d] WARN  Run bootstrapper: WorkflowDefinitionBpmnBootstrapper - finished
23:03:13.816 [Shesha.NHibernate.SheshaNHibernateModule+<>c__DisplayClass22_1+<<SeedDatabase>b__3>d] WARN  Run bootstrapper: ProcessConfigurationBootstrapper...
23:03:13.844 [Shesha.NHibernate.SheshaNHibernateModule+<>c__DisplayClass22_1+<<SeedDatabase>b__3>d] WARN  Run bootstrapper: ProcessConfigurationBootstrapper - finished
23:03:13.846 [Shesha.NHibernate.SheshaNHibernateModule] WARN  Database initialization finished
23:29:05.147 [NHibernate.Cfg.Configuration] ERROR filter-def for filter named 'MustHaveTenant' was never used to filter classes nor collections.
This may result in unexpected behavior during queries
23:29:09.531 [Shesha.NHibernate.SheshaNHibernateModule] WARN  Try to initialize database...
23:29:09.537 [Shesha.NHibernate.SheshaNHibernateModule+<>c__DisplayClass22_0] WARN  Database initialization started
23:29:09.549 [Shesha.NHibernate.SheshaNHibernateModule+<>c__DisplayClass22_0] WARN  Apply migrations...
23:29:30.858 [Shesha.NHibernate.SheshaNHibernateModule+<>c__DisplayClass22_0] WARN  Apply migrations - finished
23:29:30.894 [Shesha.NHibernate.SheshaNHibernateModule+<>c__DisplayClass22_1+<<SeedDatabase>b__3>d] WARN  Run bootstrapper: SouthAfricaLanguagesCreator...
23:29:32.391 [Shesha.NHibernate.SheshaNHibernateModule+<>c__DisplayClass22_1+<<SeedDatabase>b__3>d] WARN  Run bootstrapper: SouthAfricaLanguagesCreator - finished
23:29:32.402 [Shesha.NHibernate.SheshaNHibernateModule+<>c__DisplayClass22_1+<<SeedDatabase>b__3>d] WARN  Run bootstrapper: PermissionDefinitionsBootstrapper...
23:29:32.427 [Shesha.NHibernate.SheshaNHibernateModule+<>c__DisplayClass22_1+<<SeedDatabase>b__3>d] WARN  Run bootstrapper: PermissionDefinitionsBootstrapper - finished
23:29:32.436 [Shesha.NHibernate.SheshaNHibernateModule+<>c__DisplayClass22_1+<<SeedDatabase>b__3>d] WARN  Run bootstrapper: PermissionedObjectsBootstrapper...
23:29:32.440 [Shesha.NHibernate.SheshaNHibernateModule+<>c__DisplayClass22_1+<<SeedDatabase>b__3>d] WARN  Run bootstrapper: PermissionedObjectsBootstrapper - finished
23:29:32.443 [Shesha.NHibernate.SheshaNHibernateModule+<>c__DisplayClass22_1+<<SeedDatabase>b__3>d] WARN  Run bootstrapper: EntityConfigsBootstrapper...
23:29:32.825 [Shesha.NHibernate.SheshaNHibernateModule+<>c__DisplayClass22_1+<<SeedDatabase>b__3>d] WARN  Run bootstrapper: EntityConfigsBootstrapper - finished
23:29:32.829 [Shesha.NHibernate.SheshaNHibernateModule+<>c__DisplayClass22_1+<<SeedDatabase>b__3>d] WARN  Run bootstrapper: ConfigurableModuleBootstrapper...
23:29:32.832 [Shesha.NHibernate.SheshaNHibernateModule+<>c__DisplayClass22_1+<<SeedDatabase>b__3>d] WARN  Run bootstrapper: ConfigurableModuleBootstrapper - finished
23:29:32.834 [Shesha.NHibernate.SheshaNHibernateModule+<>c__DisplayClass22_1+<<SeedDatabase>b__3>d] WARN  Run bootstrapper: ReferenceListBootstrapper...
23:29:35.301 [Shesha.NHibernate.SheshaNHibernateModule+<>c__DisplayClass22_1+<<SeedDatabase>b__3>d] WARN  Run bootstrapper: ReferenceListBootstrapper - finished
23:29:35.304 [Shesha.NHibernate.SheshaNHibernateModule+<>c__DisplayClass22_1+<<SeedDatabase>b__3>d] WARN  Run bootstrapper: ScheduledJobBootstrapper...
23:29:35.403 [Shesha.NHibernate.SheshaNHibernateModule+<>c__DisplayClass22_1+<<SeedDatabase>b__3>d] WARN  Run bootstrapper: ScheduledJobBootstrapper - finished
23:29:35.410 [Shesha.NHibernate.SheshaNHibernateModule+<>c__DisplayClass22_1+<<SeedDatabase>b__3>d] WARN  Run bootstrapper: WorkflowDefinitionBpmnBootstrapper...
23:29:35.439 [Shesha.NHibernate.SheshaNHibernateModule+<>c__DisplayClass22_1+<<SeedDatabase>b__3>d] WARN  Run bootstrapper: WorkflowDefinitionBpmnBootstrapper - finished
23:29:35.449 [Shesha.NHibernate.SheshaNHibernateModule+<>c__DisplayClass22_1+<<SeedDatabase>b__3>d] WARN  Run bootstrapper: ProcessConfigurationBootstrapper...
23:29:35.475 [Shesha.NHibernate.SheshaNHibernateModule+<>c__DisplayClass22_1+<<SeedDatabase>b__3>d] WARN  Run bootstrapper: ProcessConfigurationBootstrapper - finished
23:29:35.477 [Shesha.NHibernate.SheshaNHibernateModule] WARN  Database initialization finished
